Running: /opt/Xilinx/14.7/ISE_DS/ISE/bin/lin64/unwrapped/fuse -relaunch -intstyle "ise" -incremental -lib "secureip" -o "/home/zwakrim/Documents/computerarch/mips/pcTtest_isim_beh.exe" -prj "/home/zwakrim/Documents/computerarch/mips/pcTtest_beh.prj" "work.pcTtest" 
ISim P.20131013 (signature 0xfbc00daa)
Number of CPUs detected in this system: 8
Turning on mult-threading, number of parallel sub-compilation jobs: 16 
Determining compilation order of HDL files
Parsing VHDL file "/home/zwakrim/Documents/computerarch/mips/PC.vhd" into library work
Parsing VHDL file "/home/zwakrim/Documents/computerarch/mips/pcTtest.vhd" into library work
Starting static elaboration
Completed static elaboration
Fuse Memory Usage: 95016 KB
Fuse CPU Usage: 980 ms
Compiling package standard
Compiling package std_logic_1164
Compiling architecture behavioral of entity PC [pc_default]
Compiling architecture behavior of entity pcttest
Time Resolution for simulation is 1ps.
Waiting for 1 sub-compilation(s) to finish...
Compiled 5 VHDL Units
Built simulation executable /home/zwakrim/Documents/computerarch/mips/pcTtest_isim_beh.exe
Fuse Memory Usage: 1185028 KB
Fuse CPU Usage: 1000 ms
GCC CPU Usage: 70 ms
