Running: /opt/Xilinx/14.7/ISE_DS/ISE/bin/lin64/unwrapped/fuse -intstyle ise -incremental -lib secureip -o /home/dugagjin/Documents/Github/MIPS/MIPS/tb_MUX_isim_beh.exe -prj /home/dugagjin/Documents/Github/MIPS/MIPS/tb_MUX_beh.prj work.tb_MUX 
ISim P.20131013 (signature 0xfbc00daa)
Number of CPUs detected in this system: 4
Turning on mult-threading, number of parallel sub-compilation jobs: 8 
Determining compilation order of HDL files
Parsing VHDL file "/home/dugagjin/Documents/Github/MIPS/MIPS/MUX.vhd" into library work
Parsing VHDL file "/home/dugagjin/Documents/Github/MIPS/MIPS/tb_MUX.vhd" into library work
Starting static elaboration
Completed static elaboration
Fuse Memory Usage: 95064 KB
Fuse CPU Usage: 1160 ms
Compiling package standard
Compiling package std_logic_1164
Compiling architecture behavioral of entity MUX [\MUX(32)\]
Compiling architecture behavior of entity tb_mux
Time Resolution for simulation is 1ps.
Waiting for 1 sub-compilation(s) to finish...
Compiled 5 VHDL Units
Built simulation executable /home/dugagjin/Documents/Github/MIPS/MIPS/tb_MUX_isim_beh.exe
Fuse Memory Usage: 660764 KB
Fuse CPU Usage: 1180 ms
GCC CPU Usage: 180 ms
