Command line:
   tb_MUX_isim_beh.exe
     -simmode  gui
     -simrunnum  0
     -socket  47438

Mon Jan  2 21:03:35 2017


 Elaboration Time: 0.03 sec

 Current Memory Usage: 211.276 Meg

 Total Signals          : 8
 Total Nets             : 97
 Total Signal Drivers   : 4
 Total Blocks           : 3
 Total Primitive Blocks : 2
 Total Processes        : 2
 Total Traceable Variables  : 10
 Total Scalar Nets and Variables : 459
Total Line Count : 10

** Failure:End
User(VHDL) Code Called Simulation Stop
In process tb_MUX.vhd:stim_proc 
 

